  jelloMesh.cpp
  main.cpp
C:\Users\Mac\Desktop\IDS6938-SimulationTechniques\Homework1\jellocube-basecode\src\jelloMesh.cpp(254): warning C4838: conversion from 'double' to 'float' requires a narrowing conversion
c:\users\mac\desktop\ids6938-simulationtechniques\homework1\jellocube-basecode\src\matrix.h(233): warning C4290: C++ exception specification ignored except to indicate a function is not __declspec(nothrow) (compiling source file C:\Users\Mac\Desktop\IDS6938-SimulationTechniques\Homework1\jellocube-basecode\src\main.cpp)
  c:\users\mac\desktop\ids6938-simulationtechniques\homework1\jellocube-basecode\src\matrix.h(313): note: see reference to class template instantiation 'math::matrix<T>' being compiled (compiling source file C:\Users\Mac\Desktop\IDS6938-SimulationTechniques\Homework1\jellocube-basecode\src\main.cpp)
c:\users\mac\desktop\ids6938-simulationtechniques\homework1\jellocube-basecode\src\matrix.h(234): warning C4290: C++ exception specification ignored except to indicate a function is not __declspec(nothrow) (compiling source file C:\Users\Mac\Desktop\IDS6938-SimulationTechniques\Homework1\jellocube-basecode\src\main.cpp)
c:\users\mac\desktop\ids6938-simulationtechniques\homework1\jellocube-basecode\src\matrix.h(241): warning C4290: C++ exception specification ignored except to indicate a function is not __declspec(nothrow) (compiling source file C:\Users\Mac\Desktop\IDS6938-SimulationTechniques\Homework1\jellocube-basecode\src\main.cpp)
c:\users\mac\desktop\ids6938-simulationtechniques\homework1\jellocube-basecode\src\matrix.h(242): warning C4290: C++ exception specification ignored except to indicate a function is not __declspec(nothrow) (compiling source file C:\Users\Mac\Desktop\IDS6938-SimulationTechniques\Homework1\jellocube-basecode\src\main.cpp)
c:\users\mac\desktop\ids6938-simulationtechniques\homework1\jellocube-basecode\src\matrix.h(243): warning C4290: C++ exception specification ignored except to indicate a function is not __declspec(nothrow) (compiling source file C:\Users\Mac\Desktop\IDS6938-SimulationTechniques\Homework1\jellocube-basecode\src\main.cpp)
c:\users\mac\desktop\ids6938-simulationtechniques\homework1\jellocube-basecode\src\matrix.h(246): warning C4290: C++ exception specification ignored except to indicate a function is not __declspec(nothrow) (compiling source file C:\Users\Mac\Desktop\IDS6938-SimulationTechniques\Homework1\jellocube-basecode\src\main.cpp)
c:\users\mac\desktop\ids6938-simulationtechniques\homework1\jellocube-basecode\src\matrix.h(257): warning C4290: C++ exception specification ignored except to indicate a function is not __declspec(nothrow) (compiling source file C:\Users\Mac\Desktop\IDS6938-SimulationTechniques\Homework1\jellocube-basecode\src\main.cpp)
c:\users\mac\desktop\ids6938-simulationtechniques\homework1\jellocube-basecode\src\matrix.h(258): warning C4290: C++ exception specification ignored except to indicate a function is not __declspec(nothrow) (compiling source file C:\Users\Mac\Desktop\IDS6938-SimulationTechniques\Homework1\jellocube-basecode\src\main.cpp)
c:\users\mac\desktop\ids6938-simulationtechniques\homework1\jellocube-basecode\src\matrix.h(259): warning C4290: C++ exception specification ignored except to indicate a function is not __declspec(nothrow) (compiling source file C:\Users\Mac\Desktop\IDS6938-SimulationTechniques\Homework1\jellocube-basecode\src\main.cpp)
c:\users\mac\desktop\ids6938-simulationtechniques\homework1\jellocube-basecode\src\matrix.h(260): warning C4290: C++ exception specification ignored except to indicate a function is not __declspec(nothrow) (compiling source file C:\Users\Mac\Desktop\IDS6938-SimulationTechniques\Homework1\jellocube-basecode\src\main.cpp)
c:\users\mac\desktop\ids6938-simulationtechniques\homework1\jellocube-basecode\src\matrix.h(261): warning C4290: C++ exception specification ignored except to indicate a function is not __declspec(nothrow) (compiling source file C:\Users\Mac\Desktop\IDS6938-SimulationTechniques\Homework1\jellocube-basecode\src\main.cpp)
c:\users\mac\desktop\ids6938-simulationtechniques\homework1\jellocube-basecode\src\matrix.h(263): warning C4290: C++ exception specification ignored except to indicate a function is not __declspec(nothrow) (compiling source file C:\Users\Mac\Desktop\IDS6938-SimulationTechniques\Homework1\jellocube-basecode\src\main.cpp)
c:\users\mac\desktop\ids6938-simulationtechniques\homework1\jellocube-basecode\src\matrix.h(443): warning C4290: C++ exception specification ignored except to indicate a function is not __declspec(nothrow) (compiling source file C:\Users\Mac\Desktop\IDS6938-SimulationTechniques\Homework1\jellocube-basecode\src\main.cpp)
c:\users\mac\desktop\ids6938-simulationtechniques\homework1\jellocube-basecode\src\matrix.h(453): warning C4290: C++ exception specification ignored except to indicate a function is not __declspec(nothrow) (compiling source file C:\Users\Mac\Desktop\IDS6938-SimulationTechniques\Homework1\jellocube-basecode\src\main.cpp)
c:\users\mac\desktop\ids6938-simulationtechniques\homework1\jellocube-basecode\src\matrix.h(515): warning C4290: C++ exception specification ignored except to indicate a function is not __declspec(nothrow) (compiling source file C:\Users\Mac\Desktop\IDS6938-SimulationTechniques\Homework1\jellocube-basecode\src\main.cpp)
c:\users\mac\desktop\ids6938-simulationtechniques\homework1\jellocube-basecode\src\matrix.h(528): warning C4290: C++ exception specification ignored except to indicate a function is not __declspec(nothrow) (compiling source file C:\Users\Mac\Desktop\IDS6938-SimulationTechniques\Homework1\jellocube-basecode\src\main.cpp)
c:\users\mac\desktop\ids6938-simulationtechniques\homework1\jellocube-basecode\src\matrix.h(552): warning C4290: C++ exception specification ignored except to indicate a function is not __declspec(nothrow) (compiling source file C:\Users\Mac\Desktop\IDS6938-SimulationTechniques\Homework1\jellocube-basecode\src\main.cpp)
c:\users\mac\desktop\ids6938-simulationtechniques\homework1\jellocube-basecode\src\matrix.h(585): warning C4290: C++ exception specification ignored except to indicate a function is not __declspec(nothrow) (compiling source file C:\Users\Mac\Desktop\IDS6938-SimulationTechniques\Homework1\jellocube-basecode\src\main.cpp)
c:\users\mac\desktop\ids6938-simulationtechniques\homework1\jellocube-basecode\src\matrix.h(610): warning C4290: C++ exception specification ignored except to indicate a function is not __declspec(nothrow) (compiling source file C:\Users\Mac\Desktop\IDS6938-SimulationTechniques\Homework1\jellocube-basecode\src\main.cpp)
c:\users\mac\desktop\ids6938-simulationtechniques\homework1\jellocube-basecode\src\matrix.h(619): warning C4290: C++ exception specification ignored except to indicate a function is not __declspec(nothrow) (compiling source file C:\Users\Mac\Desktop\IDS6938-SimulationTechniques\Homework1\jellocube-basecode\src\main.cpp)
c:\users\mac\desktop\ids6938-simulationtechniques\homework1\jellocube-basecode\src\matrix.h(645): warning C4290: C++ exception specification ignored except to indicate a function is not __declspec(nothrow) (compiling source file C:\Users\Mac\Desktop\IDS6938-SimulationTechniques\Homework1\jellocube-basecode\src\main.cpp)
c:\users\mac\desktop\ids6938-simulationtechniques\homework1\jellocube-basecode\src\matrix.h(662): warning C4290: C++ exception specification ignored except to indicate a function is not __declspec(nothrow) (compiling source file C:\Users\Mac\Desktop\IDS6938-SimulationTechniques\Homework1\jellocube-basecode\src\main.cpp)
c:\users\mac\desktop\ids6938-simulationtechniques\homework1\jellocube-basecode\src\matrix.h(669): warning C4290: C++ exception specification ignored except to indicate a function is not __declspec(nothrow) (compiling source file C:\Users\Mac\Desktop\IDS6938-SimulationTechniques\Homework1\jellocube-basecode\src\main.cpp)
c:\users\mac\desktop\ids6938-simulationtechniques\homework1\jellocube-basecode\src\matrix.h(676): warning C4290: C++ exception specification ignored except to indicate a function is not __declspec(nothrow) (compiling source file C:\Users\Mac\Desktop\IDS6938-SimulationTechniques\Homework1\jellocube-basecode\src\main.cpp)
c:\users\mac\desktop\ids6938-simulationtechniques\homework1\jellocube-basecode\src\matrix.h(700): warning C4290: C++ exception specification ignored except to indicate a function is not __declspec(nothrow) (compiling source file C:\Users\Mac\Desktop\IDS6938-SimulationTechniques\Homework1\jellocube-basecode\src\main.cpp)
c:\users\mac\desktop\ids6938-simulationtechniques\homework1\jellocube-basecode\src\matrix.h(708): warning C4290: C++ exception specification ignored except to indicate a function is not __declspec(nothrow) (compiling source file C:\Users\Mac\Desktop\IDS6938-SimulationTechniques\Homework1\jellocube-basecode\src\main.cpp)
c:\users\mac\desktop\ids6938-simulationtechniques\homework1\jellocube-basecode\src\matrix.h(755): warning C4290: C++ exception specification ignored except to indicate a function is not __declspec(nothrow) (compiling source file C:\Users\Mac\Desktop\IDS6938-SimulationTechniques\Homework1\jellocube-basecode\src\main.cpp)
c:\users\mac\desktop\ids6938-simulationtechniques\homework1\jellocube-basecode\src\matrix.h(884): warning C4290: C++ exception specification ignored except to indicate a function is not __declspec(nothrow) (compiling source file C:\Users\Mac\Desktop\IDS6938-SimulationTechniques\Homework1\jellocube-basecode\src\main.cpp)
c:\users\mac\desktop\ids6938-simulationtechniques\homework1\jellocube-basecode\src\matrix.h(937): warning C4290: C++ exception specification ignored except to indicate a function is not __declspec(nothrow) (compiling source file C:\Users\Mac\Desktop\IDS6938-SimulationTechniques\Homework1\jellocube-basecode\src\main.cpp)
c:\users\mac\desktop\ids6938-simulationtechniques\homework1\jellocube-basecode\src\matrix.h(971): warning C4290: C++ exception specification ignored except to indicate a function is not __declspec(nothrow) (compiling source file C:\Users\Mac\Desktop\IDS6938-SimulationTechniques\Homework1\jellocube-basecode\src\main.cpp)
c:\users\mac\desktop\ids6938-simulationtechniques\homework1\jellocube-basecode\src\matrix.h(986): warning C4290: C++ exception specification ignored except to indicate a function is not __declspec(nothrow) (compiling source file C:\Users\Mac\Desktop\IDS6938-SimulationTechniques\Homework1\jellocube-basecode\src\main.cpp)
c:\users\mac\desktop\ids6938-simulationtechniques\homework1\jellocube-basecode\src\matrix.h(1152): warning C4290: C++ exception specification ignored except to indicate a function is not __declspec(nothrow) (compiling source file C:\Users\Mac\Desktop\IDS6938-SimulationTechniques\Homework1\jellocube-basecode\src\main.cpp)
c:\users\mac\desktop\ids6938-simulationtechniques\homework1\jellocube-basecode\src\matrix.h(1160): warning C4290: C++ exception specification ignored except to indicate a function is not __declspec(nothrow) (compiling source file C:\Users\Mac\Desktop\IDS6938-SimulationTechniques\Homework1\jellocube-basecode\src\main.cpp)
C:\Users\Mac\Desktop\IDS6938-SimulationTechniques\Homework1\jellocube-basecode\src\main.cpp(269): warning C4838: conversion from 'double' to 'float' requires a narrowing conversion
  jello.vcxproj -> C:\Users\Mac\Desktop\IDS6938-SimulationTechniques\Homework1\jellocube-basecode\BUILD\Debug\jello.exe
